<?xml version="1.0" encoding="UTF-8"?>
<!-- Generated by org.testng.reporters.JUnitReportReporter -->
<testsuite hostname="RedspireSP017" failures="0" tests="2" name="myRunner.TestRunner" time="22.861" errors="0" timestamp="2020-12-05T20:44:12 GMT" skipped="0">
  <testcase classname="myRunner.TestRunner" name="runScenario" time="11.855"/>
  <system-out/>
  <testcase classname="myRunner.TestRunner" name="runScenario" time="11.006"/>
  <system-out/>
</testsuite> <!-- myRunner.TestRunner -->
